Temp/gradleOut/launcher/build/intermediates/manifest_merge_blame_file/release/manifest-merger-blame-release-report.txt
1<?xml version="1.0" encoding="utf-8"?>
2<!-- GENERATED BY UNITY. REMOVE THIS COMMENT TO PREVENT OVERWRITING WHEN EXPORTING AGAIN -->
3<manifest xmlns:android="http://schemas.android.com/apk/res/android"
4    package="com.DefaultCompany.AR_Sphare"
5    android:installLocation="preferExternal"
6    android:versionCode="1"
7    android:versionName="0.1" >
8
9    <uses-sdk
10        android:minSdkVersion="26"
10-->src\main\AndroidManifest.xml
11        android:targetSdkVersion="30" />
11-->src\main\AndroidManifest.xml
12
13    <supports-screens
13-->src\main\AndroidManifest.xml:4:3-163
14        android:anyDensity="true"
14-->src\main\AndroidManifest.xml:4:135-160
15        android:largeScreens="true"
15-->src\main\AndroidManifest.xml:4:78-105
16        android:normalScreens="true"
16-->src\main\AndroidManifest.xml:4:49-77
17        android:smallScreens="true"
17-->src\main\AndroidManifest.xml:4:21-48
18        android:xlargeScreens="true" />
18-->src\main\AndroidManifest.xml:4:106-134
19
20    <uses-feature android:glEsVersion="0x00030000" />
20-->[:unityLibrary] AndroidManifest.xml:13:5-54
20-->[:unityLibrary] AndroidManifest.xml:13:19-51
21
22    <uses-permission android:name="android.permission.INTERNET" />
22-->[:unityLibrary] AndroidManifest.xml:15:5-67
22-->[:unityLibrary] AndroidManifest.xml:15:22-64
23
24    <uses-feature
24-->[:unityLibrary] AndroidManifest.xml:17:5-19:36
25        android:name="android.hardware.touchscreen"
25-->[:unityLibrary] AndroidManifest.xml:18:9-52
26        android:required="false" />
26-->[:unityLibrary] AndroidManifest.xml:19:9-33
27    <uses-feature
27-->[:unityLibrary] AndroidManifest.xml:20:5-22:36
28        android:name="android.hardware.touchscreen.multitouch"
28-->[:unityLibrary] AndroidManifest.xml:21:9-63
29        android:required="false" />
29-->[:unityLibrary] AndroidManifest.xml:22:9-33
30    <uses-feature
30-->[:unityLibrary] AndroidManifest.xml:23:5-25:36
31        android:name="android.hardware.touchscreen.multitouch.distinct"
31-->[:unityLibrary] AndroidManifest.xml:24:9-72
32        android:required="false" />
32-->[:unityLibrary] AndroidManifest.xml:25:9-33
33
34    <uses-permission android:name="android.permission.CAMERA" />
34-->[:unityLibrary] AndroidManifest.xml:27:5-65
34-->[:unityLibrary] AndroidManifest.xml:27:22-62
35
36    <uses-feature
36-->[:unityLibrary] AndroidManifest.xml:29:5-31:35
37        android:name="com.google.ar.core.depth"
37-->[:unityLibrary] AndroidManifest.xml:30:9-48
38        android:required="true" />
38-->[:unityLibrary] AndroidManifest.xml:31:9-32
39
40    <queries>
40-->[:arcore_client:] AndroidManifest.xml:29:5-31:15
41        <package android:name="com.google.ar.core" />
41-->[:arcore_client:] AndroidManifest.xml:30:9-54
41-->[:arcore_client:] AndroidManifest.xml:30:18-51
42    </queries>
43
44    <application
44-->src\main\AndroidManifest.xml:5:3-116
45        android:extractNativeLibs="true"
45-->src\main\AndroidManifest.xml:5:16-48
46        android:icon="@mipmap/app_icon"
46-->src\main\AndroidManifest.xml:5:82-113
47        android:label="@string/app_name" >
47-->src\main\AndroidManifest.xml:5:49-81
48        <activity
48-->[:unityLibrary] AndroidManifest.xml:34:9-54:20
49            android:name="com.unity3d.player.UnityPlayerActivity"
49-->[:unityLibrary] AndroidManifest.xml:35:13-66
50            android:configChanges="mcc|mnc|locale|touchscreen|keyboard|keyboardHidden|navigation|orientation|screenLayout|uiMode|screenSize|smallestScreenSize|fontScale|layoutDirection|density"
50-->[:unityLibrary] AndroidManifest.xml:36:13-194
51            android:hardwareAccelerated="false"
51-->[:unityLibrary] AndroidManifest.xml:37:13-48
52            android:launchMode="singleTask"
52-->[:unityLibrary] AndroidManifest.xml:38:13-44
53            android:resizeableActivity="false"
53-->[:unityLibrary] AndroidManifest.xml:39:13-47
54            android:screenOrientation="fullSensor"
54-->[:unityLibrary] AndroidManifest.xml:40:13-51
55            android:theme="@style/UnityThemeSelector" >
55-->[:unityLibrary] AndroidManifest.xml:41:13-54
56            <intent-filter>
56-->[:unityLibrary] AndroidManifest.xml:42:13-46:29
57                <action android:name="android.intent.action.MAIN" />
57-->[:unityLibrary] AndroidManifest.xml:43:17-69
57-->[:unityLibrary] AndroidManifest.xml:43:25-66
58
59                <category android:name="android.intent.category.LAUNCHER" />
59-->[:unityLibrary] AndroidManifest.xml:45:17-77
59-->[:unityLibrary] AndroidManifest.xml:45:27-74
60            </intent-filter>
61
62            <meta-data
62-->[:unityLibrary] AndroidManifest.xml:48:13-50:40
63                android:name="unityplayer.UnityActivity"
63-->[:unityLibrary] AndroidManifest.xml:49:17-57
64                android:value="true" />
64-->[:unityLibrary] AndroidManifest.xml:50:17-37
65            <meta-data
65-->[:unityLibrary] AndroidManifest.xml:51:13-53:40
66                android:name="android.notch_support"
66-->[:unityLibrary] AndroidManifest.xml:52:17-53
67                android:value="true" />
67-->[:unityLibrary] AndroidManifest.xml:53:17-37
68        </activity>
69
70        <meta-data
70-->[:unityLibrary] AndroidManifest.xml:56:9-58:33
71            android:name="unity.splash-mode"
71-->[:unityLibrary] AndroidManifest.xml:57:13-45
72            android:value="0" />
72-->[:unityLibrary] AndroidManifest.xml:58:13-30
73        <meta-data
73-->[:unityLibrary] AndroidManifest.xml:59:9-61:36
74            android:name="unity.splash-enable"
74-->[:unityLibrary] AndroidManifest.xml:60:13-47
75            android:value="True" />
75-->[:unityLibrary] AndroidManifest.xml:61:13-33
76        <meta-data
76-->[:unityLibrary] AndroidManifest.xml:62:9-64:37
77            android:name="unity.allow-resizable-window"
77-->[:unityLibrary] AndroidManifest.xml:63:13-56
78            android:value="False" />
78-->[:unityLibrary] AndroidManifest.xml:64:13-34
79        <meta-data
79-->[:unityLibrary] AndroidManifest.xml:65:9-67:50
80            android:name="notch.config"
80-->[:unityLibrary] AndroidManifest.xml:66:13-40
81            android:value="portrait|landscape" />
81-->[:unityLibrary] AndroidManifest.xml:67:13-47
82        <meta-data
82-->[:unityLibrary] AndroidManifest.xml:68:9-70:68
83            android:name="unity.build-id"
83-->[:unityLibrary] AndroidManifest.xml:69:13-42
84            android:value="2bc2dc4e-a4e6-42d2-be62-fe7db80082ff" />
84-->[:unityLibrary] AndroidManifest.xml:70:13-65
85        <meta-data
85-->[:unityLibrary] AndroidManifest.xml:71:9-73:36
86            android:name="unityplayer.SkipPermissionsDialog"
86-->[:unityLibrary] AndroidManifest.xml:72:13-61
87            android:value="true" />
87-->[:unityLibrary] AndroidManifest.xml:73:13-33
88        <meta-data
88-->[:unityLibrary] AndroidManifest.xml:74:9-76:40
89            android:name="com.google.ar.core"
89-->[:unityLibrary] AndroidManifest.xml:75:13-46
90            android:value="optional" /> <!-- The minimal version code of ARCore APK required for an app using this SDK. -->
90-->[:unityLibrary] AndroidManifest.xml:76:13-37
91        <meta-data
91-->[:arcore_client:] AndroidManifest.xml:36:9-38:41
92            android:name="com.google.ar.core.min_apk_version"
92-->[:arcore_client:] AndroidManifest.xml:37:13-62
93            android:value="202940000" /> <!-- This activity is critical for installing ARCore when it is not already present. -->
93-->[:arcore_client:] AndroidManifest.xml:38:13-38
94        <activity
94-->[:arcore_client:] AndroidManifest.xml:40:9-46:80
95            android:name="com.google.ar.core.InstallActivity"
95-->[:arcore_client:] AndroidManifest.xml:41:13-62
96            android:configChanges="keyboardHidden|orientation|screenSize"
96-->[:arcore_client:] AndroidManifest.xml:42:13-74
97            android:excludeFromRecents="true"
97-->[:arcore_client:] AndroidManifest.xml:43:13-46
98            android:exported="false"
98-->[:arcore_client:] AndroidManifest.xml:44:13-37
99            android:launchMode="singleTop"
99-->[:arcore_client:] AndroidManifest.xml:45:13-43
100            android:theme="@android:style/Theme.Material.Light.Dialog.Alert" />
100-->[:arcore_client:] AndroidManifest.xml:46:13-77
101    </application>
102
103</manifest>